[    0.000000] Initializing cgroup subsys cpuset
[    0.000000] Initializing cgroup subsys cpu
[    0.000000] Initializing cgroup subsys cpuacct
[    0.000000] Linux version 4.4.0-64-generic (buildd@lgw01-56) (gcc version 5.4.0 20160609 (Ubuntu 5.4.0-6ubuntu1~16.04.4) ) #85-Ubuntu SMP Mon Feb 20 11:50:30 UTC 2017 Ubuntu 4.4.0-64.85-generic 4.4.44)
[    0.000000] Command line: BOOT_IMAGE=/boot/vmlinuz-4.4.0-64-generic root=LABEL=cloudimg-rootfs ro console=tty1 console=ttyS0
[    0.000000] KERNEL supported cpus:
[    0.000000]   Intel GenuineIntel
[    0.000000]   AMD AuthenticAMD
[    0.000000]   Centaur CentaurHauls
[    0.000000] x86/fpu: xstate_offset[2]:  576, xstate_sizes[2]:  256
[    0.000000] x86/fpu: Supporting XSAVE feature 0x01: 'x87 floating point registers'
[    0.000000] x86/fpu: Supporting XSAVE feature 0x02: 'SSE registers'
[    0.000000] x86/fpu: Supporting XSAVE feature 0x04: 'AVX registers'
[    0.000000] x86/fpu: Enabled xstate features 0x7, context size is 832 bytes, using 'standard' format.
[    0.000000] x86/fpu: Using 'lazy' FPU context switches.
[    0.000000] e820: BIOS-provided physical RAM map:
[    0.000000] BIOS-e820: [mem 0x0000000000000000-0x000000000009fbff] usable
[    0.000000] BIOS-e820: [mem 0x000000000009fc00-0x000000000009ffff] reserved
[    0.000000] BIOS-e820: [mem 0x00000000000f0000-0x00000000000fffff] reserved
[    0.000000] BIOS-e820: [mem 0x0000000000100000-0x000000003ffeffff] usable
[    0.000000] BIOS-e820: [mem 0x000000003fff0000-0x000000003fffffff] ACPI data
[    0.000000] BIOS-e820: [mem 0x00000000fec00000-0x00000000fec00fff] reserved
[    0.000000] BIOS-e820: [mem 0x00000000fee00000-0x00000000fee00fff] reserved
[    0.000000] BIOS-e820: [mem 0x00000000fffc0000-0x00000000ffffffff] reserved
[    0.000000] NX (Execute Disable) protection: active
[    0.000000] SMBIOS 2.5 present.
[    0.000000] Hypervisor detected: KVM
[    0.000000] e820: last_pfn = 0x3fff0 max_arch_pfn = 0x400000000
[    0.000000] MTRR: Disabled
[    0.000000] x86/PAT: MTRRs disabled, skipping PAT initialization too.
[    0.000000] x86/PAT: Configuration [0-7]: WB  WT  UC- UC  WB  WT  UC- UC  
[    0.000000] CPU MTRRs all blank - virtualized system.
[    0.000000] found SMP MP-table at [mem 0x0009fff0-0x0009ffff] mapped at [ffff88000009fff0]
[    0.000000] Scanning 1 areas for low memory corruption
[    0.000000] RAMDISK: [mem 0x36af0000-0x3756ffff]
[    0.000000] ACPI: Early table checksum verification disabled
[    0.000000] ACPI: RSDP 0x00000000000E0000 000024 (v02 VBOX  )
[    0.000000] ACPI: XSDT 0x000000003FFF0030 00003C (v01 VBOX   VBOXXSDT 00000001 ASL  00000061)
[    0.000000] ACPI: FACP 0x000000003FFF00F0 0000F4 (v04 VBOX   VBOXFACP 00000001 ASL  00000061)
[    0.000000] ACPI: DSDT 0x000000003FFF0470 0021C8 (v02 VBOX   VBOXBIOS 00000002 INTL 20100528)
[    0.000000] ACPI: FACS 0x000000003FFF0200 000040
[    0.000000] ACPI: FACS 0x000000003FFF0200 000040
[    0.000000] ACPI: APIC 0x000000003FFF0240 00005C (v02 VBOX   VBOXAPIC 00000001 ASL  00000061)
[    0.000000] ACPI: SSDT 0x000000003FFF02A0 0001CC (v01 VBOX   VBOXCPUT 00000002 INTL 20100528)
[    0.000000] No NUMA configuration found
[    0.000000] Faking a node at [mem 0x0000000000000000-0x000000003ffeffff]
[    0.000000] NODE_DATA(0) allocated [mem 0x3ffeb000-0x3ffeffff]
[    0.000000] kvm-clock: Using msrs 4b564d01 and 4b564d00
[    0.000000] kvm-clock: cpu 0, msr 0:3ffe3001, primary cpu clock
[    0.000000] kvm-clock: using sched offset of 2969804899 cycles
[    0.000000] clocksource: kvm-clock: mask: 0xffffffffffffffff max_cycles: 0x1cd42e4dffb, max_idle_ns: 881590591483 ns
[    0.000000] Zone ranges:
[    0.000000]   DMA      [mem 0x0000000000001000-0x0000000000ffffff]
[    0.000000]   DMA32    [mem 0x0000000001000000-0x000000003ffeffff]
[    0.000000]   Normal   empty
[    0.000000]   Device   empty
[    0.000000] Movable zone start for each node
[    0.000000] Early memory node ranges
[    0.000000]   node   0: [mem 0x0000000000001000-0x000000000009efff]
[    0.000000]   node   0: [mem 0x0000000000100000-0x000000003ffeffff]
[    0.000000] Initmem setup node 0 [mem 0x0000000000001000-0x000000003ffeffff]
[    0.000000] ACPI: PM-Timer IO Port: 0x4008
[    0.000000] IOAPIC[0]: apic_id 2, version 32, address 0xfec00000, GSI 0-23
[    0.000000] ACPI: INT_SRC_OVR (bus 0 bus_irq 0 global_irq 2 dfl dfl)
[    0.000000] ACPI: INT_SRC_OVR (bus 0 bus_irq 9 global_irq 9 high level)
[    0.000000] Using ACPI (MADT) for SMP configuration information
[    0.000000] smpboot: Allowing 2 CPUs, 0 hotplug CPUs
[    0.000000] PM: Registered nosave memory: [mem 0x00000000-0x00000fff]
[    0.000000] PM: Registered nosave memory: [mem 0x0009f000-0x0009ffff]
[    0.000000] PM: Registered nosave memory: [mem 0x000a0000-0x000effff]
[    0.000000] PM: Registered nosave memory: [mem 0x000f0000-0x000fffff]
[    0.000000] e820: [mem 0x40000000-0xfebfffff] available for PCI devices
[    0.000000] Booting paravirtualized kernel on KVM
[    0.000000] clocksource: refined-jiffies: mask: 0xffffffff max_cycles: 0xffffffff, max_idle_ns: 7645519600211568 ns
[    0.000000] setup_percpu: NR_CPUS:512 nr_cpumask_bits:512 nr_cpu_ids:2 nr_node_ids:1
[    0.000000] PERCPU: Embedded 33 pages/cpu @ffff88003fc00000 s98264 r8192 d28712 u1048576
[    0.000000] PV qspinlock hash table entries: 256 (order: 0, 4096 bytes)
[    0.000000] Built 1 zonelists in Node order, mobility grouping on.  Total pages: 257913
[    0.000000] Policy zone: DMA32
[    0.000000] Kernel command line: BOOT_IMAGE=/boot/vmlinuz-4.4.0-64-generic root=LABEL=cloudimg-rootfs ro console=tty1 console=ttyS0
[    0.000000] PID hash table entries: 4096 (order: 3, 32768 bytes)
[    0.000000] Memory: 1001824K/1048120K available (8452K kernel code, 1293K rwdata, 3980K rodata, 1488K init, 1316K bss, 46296K reserved, 0K cma-reserved)
[    0.000000] SLUB: HWalign=64, Order=0-3, MinObjects=0, CPUs=2, Nodes=1
[    0.000000] Hierarchical RCU implementation.
[    0.000000] 	Build-time adjustment of leaf fanout to 64.
[    0.000000] 	RCU restricting CPUs from NR_CPUS=512 to nr_cpu_ids=2.
[    0.000000] RCU: Adjusting geometry for rcu_fanout_leaf=64, nr_cpu_ids=2
[    0.000000] NR_IRQS:33024 nr_irqs:440 16
[    0.000000] Console: colour VGA+ 80x25
[    0.000000] console [tty1] enabled
[    0.000000] console [ttyS0] enabled
[    0.000000] tsc: Detected 2194.918 MHz processor
[    7.044421] Calibrating delay loop (skipped) preset value.. 4389.83 BogoMIPS (lpj=8779672)
[    7.117196] pid_max: default: 32768 minimum: 301
[    7.147388] ACPI: Core revision 20150930
[    7.173595] ACPI: 2 ACPI AML tables successfully acquired and loaded
[    7.252510] Security Framework initialized
[    7.275669] Yama: becoming mindful.
[    7.308340] AppArmor: AppArmor initialized
[    7.340618] Dentry cache hash table entries: 131072 (order: 8, 1048576 bytes)
[    7.411416] Inode-cache hash table entries: 65536 (order: 7, 524288 bytes)
[    7.510951] Mount-cache hash table entries: 2048 (order: 2, 16384 bytes)
[    7.653758] Mountpoint-cache hash table entries: 2048 (order: 2, 16384 bytes)
[    7.741457] Initializing cgroup subsys io
[    7.750588] Initializing cgroup subsys memory
[    7.772715] Initializing cgroup subsys devices
[    7.864272] Initializing cgroup subsys freezer
[    7.958948] Initializing cgroup subsys net_cls
[    7.964168] Initializing cgroup subsys perf_event
[    7.969251] Initializing cgroup subsys net_prio
[    7.970323] Initializing cgroup subsys hugetlb
[    8.018440] Initializing cgroup subsys pids
[    8.097886] CPU: Physical Processor ID: 0
[    8.144389] CPU: Processor Core ID: 0
[    8.177125] mce: CPU supports 0 MCE banks
[    8.219487] Last level iTLB entries: 4KB 1024, 2MB 1024, 4MB 1024
[    8.292308] Last level dTLB entries: 4KB 1024, 2MB 1024, 4MB 1024, 1GB 4
[    8.362770] Freeing SMP alternatives memory: 32K (ffffffff820b9000 - ffffffff820c1000)
[    8.450378] ftrace: allocating 32123 entries in 126 pages
[    8.521143] smpboot: APIC(0) Converting physical 0 to logical package 0
[    8.643134] smpboot: Max logical packages: 1
[    8.729635] x2apic enabled
[    8.791822] Switched APIC routing to physical x2apic.
[    8.867972] ..TIMER: vector=0x30 apic1=0 pin1=2 apic2=-1 pin2=-1
[    9.095475] smpboot: CPU0: Intel(R) Core(TM) i7-4770HQ CPU @ 2.20GHz (family: 0x6, model: 0x46, stepping: 0x1)
[    9.221567] Performance Events: unsupported p6 CPU model 70 no PMU driver, software events only.
[    9.317799] KVM setup paravirtual spinlock
[    9.387247] x86: Booting SMP configuration:
[    9.483588] .... node  #0, CPUs:      #1
[    9.535976] kvm-clock: cpu 1, msr 0:3ffe3041, secondary cpu clock
[    9.560453] mce: CPU supports 0 MCE banks
[    9.576216] x86: Booted up 1 node, 2 CPUs
[    9.604498] smpboot: Total of 2 processors activated (8779.67 BogoMIPS)
[    9.717472] devtmpfs: initialized
[    9.762689] evm: security.selinux
[    9.793962] evm: security.SMACK64
[    9.812141] evm: security.SMACK64EXEC
[    9.825300] evm: security.SMACK64TRANSMUTE
[    9.840250] evm: security.SMACK64MMAP
[    9.870445] evm: security.ima
[    9.916127] evm: security.capability
[    9.972382] clocksource: jiffies: mask: 0xffffffff max_cycles: 0xffffffff, max_idle_ns: 7645041785100000 ns
[   10.230459] pinctrl core: initialized pinctrl subsystem
[   10.353931] RTC time: 21:47:19, date: 03/18/17
[   10.446836] NET: Registered protocol family 16
[   10.563978] cpuidle: using governor ladder
[   10.659900] cpuidle: using governor menu
[   10.690475] PCCT header not found.
[   10.713411] ACPI: bus type PCI registered
[   10.739581] acpiphp: ACPI Hot Plug PCI Controller Driver version: 0.5
[   10.882802] PCI: Using configuration type 1 for base access
[   11.049252] ACPI: Added _OSI(Module Device)
[   11.155263] ACPI: Added _OSI(Processor Device)
[   11.261614] ACPI: Added _OSI(3.0 _SCP Extensions)
[   11.382918] ACPI: Added _OSI(Processor Aggregator Device)
[   11.514801] ACPI: Executed 1 blocks of module-level executable AML code
[   11.664204] ACPI: Interpreter enabled
[   11.754428] ACPI: (supports S0 S5)
[   11.773185] ACPI: Using IOAPIC for interrupt routing
[   11.820182] PCI: Using host bridge windows from ACPI; if necessary, use "pci=nocrs" and report a bug
[   11.864680] ACPI: PCI Root Bridge [PCI0] (domain 0000 [bus 00-ff])
[   11.967141] acpi PNP0A03:00: _OSC: OS supports [ASPM ClockPM Segments MSI]
[   12.095131] acpi PNP0A03:00: _OSC failed (AE_NOT_FOUND); disabling ASPM
[   12.248290] acpi PNP0A03:00: fail to add MMCONFIG information, can't access extended PCI configuration space under this bridge.
[   12.470883] PCI host bridge to bus 0000:00
[   12.532125] pci_bus 0000:00: root bus resource [io  0x0000-0x0cf7 window]
[   12.649810] pci_bus 0000:00: root bus resource [io  0x0d00-0xffff window]
[   12.700330] pci_bus 0000:00: root bus resource [mem 0x000a0000-0x000bffff window]
[   12.765572] pci_bus 0000:00: root bus resource [mem 0x40000000-0xffdfffff window]
[   12.819136] pci_bus 0000:00: root bus resource [bus 00-ff]
[   12.859555] pci 0000:00:01.1: legacy IDE quirk: reg 0x10: [io  0x01f0-0x01f7]
[   12.916266] pci 0000:00:01.1: legacy IDE quirk: reg 0x14: [io  0x03f6]
[   12.966329] pci 0000:00:01.1: legacy IDE quirk: reg 0x18: [io  0x0170-0x0177]
[   13.032289] pci 0000:00:01.1: legacy IDE quirk: reg 0x1c: [io  0x0376]
[   13.148434] pci 0000:00:07.0: quirk: [io  0x4000-0x403f] claimed by PIIX4 ACPI
[   13.224685] pci 0000:00:07.0: quirk: [io  0x4100-0x410f] claimed by PIIX4 SMB
[   13.257273] ACPI: PCI Interrupt Link [LNKA] (IRQs 5 9 10 *11)
[   13.329997] ACPI: PCI Interrupt Link [LNKB] (IRQs 5 9 10 *11)
[   13.393528] ACPI: PCI Interrupt Link [LNKC] (IRQs 5 9 *10 11)
[   13.427262] ACPI: PCI Interrupt Link [LNKD] (IRQs 5 *9 10 11)
[   13.516899] ACPI: Enabled 2 GPEs in block 00 to 07
[   13.598577] vgaarb: setting as boot device: PCI:0000:00:02.0
[   13.716207] vgaarb: device added: PCI:0000:00:02.0,decodes=io+mem,owns=io+mem,locks=none
[   13.866447] vgaarb: loaded
[   13.912981] vgaarb: bridge control possible 0000:00:02.0
[   13.996465] SCSI subsystem initialized
[   14.033233] ACPI: bus type USB registered
[   14.068109] usbcore: registered new interface driver usbfs
[   14.106212] usbcore: registered new interface driver hub
[   14.109943] usbcore: registered new device driver usb
[   14.161367] PCI: Using ACPI for IRQ routing
[   14.175030] NetLabel: Initializing
[   14.200124] NetLabel:  domain hash size = 128
[   14.260336] NetLabel:  protocols = UNLABELED CIPSOv4
[   14.357346] NetLabel:  unlabeled traffic allowed by default
[   14.445362] amd_nb: Cannot enumerate AMD northbridges
[   14.516197] clocksource: Switched to clocksource kvm-clock
[   14.610510] AppArmor: AppArmor Filesystem Enabled
[   14.697440] pnp: PnP ACPI init
[   14.746803] pnp: PnP ACPI: found 3 devices
[   14.831557] clocksource: acpi_pm: mask: 0xffffff max_cycles: 0xffffff, max_idle_ns: 2085701024 ns
[   14.961856] NET: Registered protocol family 2
[   15.039038] TCP established hash table entries: 8192 (order: 4, 65536 bytes)
[   15.123904] TCP bind hash table entries: 8192 (order: 5, 131072 bytes)
[   15.142827] TCP: Hash tables configured (established 8192 bind 8192)
[   15.199336] UDP hash table entries: 512 (order: 2, 16384 bytes)
[   15.310540] UDP-Lite hash table entries: 512 (order: 2, 16384 bytes)
[   15.322388] NET: Registered protocol family 1
[   15.323196] pci 0000:00:00.0: Limiting direct PCI/PCI transfers
[   15.324237] pci 0000:00:01.0: Activating ISA DMA hang workarounds
[   15.326642] Trying to unpack rootfs image as initramfs...
[   16.956089] Freeing initrd memory: 10752K (ffff880036af0000 - ffff880037570000)
[   17.081385] platform rtc_cmos: registered platform RTC device (no PNP device found)
[   17.219591] Scanning for low memory corruption every 60 seconds
[   17.366683] futex hash table entries: 512 (order: 3, 32768 bytes)
[   17.450992] audit: initializing netlink subsys (disabled)
[   17.495783] audit: type=2000 audit(1489873637.229:1): initialized
[   17.599996] Initialise system trusted keyring
[   17.658169] HugeTLB registered 2 MB page size, pre-allocated 0 pages
[   17.812903] zbud: loaded
[   17.868024] VFS: Disk quotas dquot_6.6.0
[   17.972683] VFS: Dquot-cache hash table entries: 512 (order 0, 4096 bytes)
[   18.150486] tsc: Refined TSC clocksource calibration: 2195.682 MHz
[   18.307833] clocksource: tsc: mask: 0xffffffffffffffff max_cycles: 0x1fa643ebf48, max_idle_ns: 440795253513 ns
[   18.308219] squashfs: version 4.0 (2009/01/31) Phillip Lougher
[   18.308478] fuse init (API version 7.23)
[   18.308586] Key type big_key registered
[   18.308603] Allocating IMA MOK and blacklist keyrings.
[   18.308794] Key type asymmetric registered
[   18.308800] Asymmetric key parser 'x509' registered
[   18.308832] Block layer SCSI generic (bsg) driver version 0.4 loaded (major 249)
[   18.308860] io scheduler noop registered
[   18.308862] io scheduler deadline registered (default)
[   18.308888] io scheduler cfq registered
[   18.308990] pci_hotplug: PCI Hot Plug PCI Core version: 0.5
[   18.308995] pciehp: PCI Express Hot Plug Controller Driver version: 0.4
[   18.309333] ACPI: AC Adapter [AC] (off-line)
[   18.309382] input: Power Button as /devices/LNXSYSTM:00/LNXPWRBN:00/input/input0
[   18.309384] ACPI: Power Button [PWRF]
[   18.309451] input: Sleep Button as /devices/LNXSYSTM:00/LNXSLPBN:00/input/input1
[   18.309452] ACPI: Sleep Button [SLPF]
[   18.309579] GHES: HEST is not enabled!
[   18.310489] ACPI: Battery Slot [BAT0] (battery present)
[   18.310526] Serial: 8250/16550 driver, 32 ports, IRQ sharing enabled
[   18.559340] 00:02: ttyS0 at I/O 0x3f8 (irq = 4, base_baud = 115200) is a 16550A
[   18.655727] Linux agpgart interface v0.103
[   18.742190] brd: module loaded
[   18.742865] loop: module loaded
[   18.743336] scsi host0: ata_piix
[   18.743386] scsi host1: ata_piix
[   18.743412] ata1: PATA max UDMA/33 cmd 0x1f0 ctl 0x3f6 bmdma 0xd000 irq 14
[   18.743413] ata2: PATA max UDMA/33 cmd 0x170 ctl 0x376 bmdma 0xd008 irq 15
[   18.743477] libphy: Fixed MDIO Bus: probed
[   18.743479] tun: Universal TUN/TAP device driver, 1.6
[   18.743479] tun: (C) 1999-2004 Max Krasnyansky <maxk@qualcomm.com>
[   18.743741] PPP generic driver version 2.4.2
[   18.743788] ehci_hcd: USB 2.0 'Enhanced' Host Controller (EHCI) Driver
[   18.743791] ehci-pci: EHCI PCI platform driver
[   18.743807] ehci-platform: EHCI generic platform driver
[   18.743813] ohci_hcd: USB 1.1 'Open' Host Controller (OHCI) Driver
[   18.743816] ohci-pci: OHCI PCI platform driver
[   18.743823] ohci-platform: OHCI generic platform driver
[   18.743829] uhci_hcd: USB Universal Host Controller Interface driver
[   18.743879] i8042: PNP: PS/2 Controller [PNP0303:PS2K,PNP0f03:PS2M] at 0x60,0x64 irq 1,12
[   18.812050] serio: i8042 KBD port at 0x60,0x64 irq 1
[   18.812057] serio: i8042 AUX port at 0x60,0x64 irq 12
[   18.812237] mousedev: PS/2 mouse device common for all mice
[   18.812669] rtc_cmos rtc_cmos: rtc core: registered rtc_cmos as rtc0
[   18.812722] rtc_cmos rtc_cmos: alarms up to one day, 114 bytes nvram
[   18.812729] i2c /dev entries driver
[   18.812784] device-mapper: uevent: version 1.0.3
[   18.812829] device-mapper: ioctl: 4.34.0-ioctl (2015-10-28) initialised: dm-devel@redhat.com
[   18.812849] ledtrig-cpu: registered to indicate activity on CPUs
[   18.813081] NET: Registered protocol family 10
[   18.813234] NET: Registered protocol family 17
[   18.813241] Key type dns_resolver registered
[   18.948903] microcode: CPU0 sig=0x40661, pf=0x40, revision=0x0
[   18.948960] microcode: CPU1 sig=0x40661, pf=0x40, revision=0x0
[   18.949039] microcode: Microcode Update Driver: v2.01 <tigran@aivazian.fsnet.co.uk>, Peter Oruba
[   18.949150] registered taskstats version 1
[   18.949163] Loading compiled-in X.509 certificates
[   18.949725] Loaded X.509 cert 'Build time autogenerated kernel key: 11f495fa9f4186f263f5fd144a167c99990e2f12'
[   18.949741] zswap: loaded using pool lzo/zbud
[   18.950888] Key type trusted registered
[   18.952807] Key type encrypted registered
[   18.952811] AppArmor: AppArmor sha1 policy hashing enabled
[   18.952813] ima: No TPM chip found, activating TPM-bypass!
[   18.952827] evm: HMAC attrs: 0x1
[   18.953037]   Magic number: 9:797:803
[   19.105671] rtc_cmos rtc_cmos: setting system clock to 2017-03-18 21:47:27 UTC (1489873647)
[   19.105814] BIOS EDD facility v0.16 2004-Jun-25, 0 devices found
[   19.105815] EDD information not available.
[   19.626130] input: AT Translated Set 2 keyboard as /devices/platform/i8042/serio0/input/input2
[   25.306497] Freeing unused kernel memory: 1488K (ffffffff81f45000 - ffffffff820b9000)
[   25.518874] Write protecting the kernel read-only data: 14336k
[   25.688779] Freeing unused kernel memory: 1776K (ffff880001844000 - ffff880001a00000)
[   25.898615] Freeing unused kernel memory: 116K (ffff880001de3000 - ffff880001e00000)
Loading, please [   26.120864] random: systemd-udevd: uninitialized urandom read (16 bytes read, 4 bits of entropy available)
wait...
startin[   26.121380] random: udevadm: uninitialized urandom read (16 bytes read, 4 bits of entropy available)
g version 229
[   26.121411] random: udevadm: uninitialized urandom read (16 bytes read, 4 bits of entropy available)
[   26.121504] random: udevadm: uninitialized urandom read (16 bytes read, 4 bits of entropy available)
[   26.121538] random: udevadm: uninitialized urandom read (16 bytes read, 4 bits of entropy available)
[   26.121570] random: udevadm: uninitialized urandom read (16 bytes read, 4 bits of entropy available)
[   26.121605] random: udevadm: uninitialized urandom read (16 bytes read, 4 bits of entropy available)
[   26.121638] random: udevadm: uninitialized urandom read (16 bytes read, 4 bits of entropy available)
[   26.121668] random: udevadm: uninitialized urandom read (16 bytes read, 4 bits of entropy available)
[   26.121698] random: udevadm: uninitialized urandom read (16 bytes read, 4 bits of entropy available)
[   28.053014] e1000: Intel(R) PRO/1000 Network Driver - version 7.3.21-k8-NAPI
[   28.094577] e1000: Copyright (c) 1999-2006 Intel Corporation.
[   28.145842] Fusion MPT base driver 3.04.20
[   28.264357] Copyright (c) 1999-2008 LSI Corporation
[   28.410107] AVX version of gcm_enc/dec engaged.
[   28.552191] AES CTR mode by8 optimization enabled
[   28.595351] Fusion MPT SPI Host driver 3.04.20
[   28.618266] input: ImExPS/2 Generic Explorer Mouse as /devices/platform/i8042/serio1/input/input4
[   28.678664] e1000 0000:00:03.0 eth0: (PCI:33MHz:32-bit) 02:5e:4b:b2:97:11
[   28.840734] e1000 0000:00:03.0 eth0: Intel(R) PRO/1000 Network Connection
[   29.020812] e1000 0000:00:03.0 enp0s3: renamed from eth0
[   29.145796] mptbase: ioc0: Initiating bringup
[   29.328775] ioc0: LSI53C1030 A0: Capabilities={Initiator}
[   29.535326] scsi host2: ioc0: LSI53C1030 A0, FwRev=00000000h, Ports=1, MaxQ=256, IRQ=20
[   29.812808] scsi 2:0:0:0: Direct-Access     VBOX     HARDDISK         1.0  PQ: 0 ANSI: 5
[   30.081989] scsi target2:0:0: Beginning Domain Validation
[   30.269764] scsi target2:0:0: Domain Validation skipping write tests
[   30.555819] scsi target2:0:0: Ending Domain Validation
[   30.775452] scsi target2:0:0: asynchronous
[   30.830175] scsi 2:0:1:0: Direct-Access     VBOX     HARDDISK         1.0  PQ: 0 ANSI: 5
[   30.880216] scsi target2:0:1: Beginning Domain Validation
[   30.957864] scsi target2:0:1: Domain Validation skipping write tests
[   31.128744] scsi target2:0:1: Ending Domain Validation
[   31.409226] floppy0: no floppy controllers found
[   31.418785] scsi target2:0:1: asynchronous
[   31.675569] sd 2:0:0:0: Attached scsi generic sg0 type 0
[   31.785767] sd 2:0:0:0: [sda] 412549120 512-byte logical blocks: (211 GB/197 GiB)
[   31.939385] sd 2:0:1:0: Attached scsi generic sg1 type 0
[   31.990208] sd 2:0:0:0: [sda] Write Protect is off
[   32.034168] sd 2:0:1:0: [sdb] 20480 512-byte logical blocks: (10.5 MB/10.0 MiB)
[   32.162665] sd 2:0:0:0: [sda] Incomplete mode parameter data
[   32.318856] sd 2:0:0:0: [sda] Assuming drive cache: write through
[   32.415804] sd 2:0:1:0: [sdb] Write Protect is off
[   32.419481] sd 2:0:1:0: [sdb] Incomplete mode parameter data
[   32.425615]  sda: sda1
[   32.426458] sd 2:0:0:0: [sda] Attached SCSI disk
[   32.482204] sd 2:0:1:0: [sdb] Assuming drive cache: write through
[   32.485903] sd 2:0:1:0: [sdb] Attached SCSI disk
Begin: Loading e[   33.813945] md: linear personality registered for level -1
ssential drivers[   34.084779] md: multipath personality registered for level -4
 ... [   34.213997] md: raid0 personality registered for level 0
[   34.244493] md: raid1 personality registered for level 1
[   34.484212] raid6: sse2x1   gen()  9964 MB/s
[   34.652627] raid6: sse2x1   xor()  7916 MB/s
[   34.832362] raid6: sse2x2   gen() 12459 MB/s
[   35.020218] raid6: sse2x2   xor()  8274 MB/s
[   35.204714] raid6: sse2x4   gen() 15132 MB/s
[   35.376431] raid6: sse2x4   xor()  9266 MB/s
[   35.464950] raid6: using algorithm sse2x4 gen() 15132 MB/s
[   35.616510] raid6: .... xor() 9266 MB/s, rmw enabled
[   35.755346] raid6: using ssse3x2 recovery algorithm
[   35.906363] xor: automatically using best checksumming function:
[   36.028325]    avx       : 48183.000 MB/sec
[   36.110637] async_tx: api initialized (async)
[   36.198798] md: raid6 personality registered for level 6
[   36.334797] md: raid5 personality registered for level 5
[   36.426889] md: raid4 personality registered for level 4
[   36.486144] md: raid10 personality registered for level 10
done.
Begin: Running /scripts/init-premount ... done[   36.544954] Btrfs loaded
.
Begin: Mounting root file system ... Begin: Running /scripts/local-top ... do[   36.682273] EXT4-fs (sda1): mounted filesystem with ordered data mode. Opts: (null)
ne.
Begin: Running /scripts/local-premount ... Scanning for Btrfs filesystems
done.
Warning: fsck not present, so skipping root file system
done.
Begin: Running /scripts/local-bottom ... done.
Begin: Running /scripts/init-bottom ... done.
[   36.971679] systemd[1]: systemd 229 running in system mode. (+PAM +AUDIT +SELINUX +IMA +APPARMOR +SMACK +SYSVINIT +UTMP +LIBCRYPTSETUP +GCRYPT +GNUTLS +ACL +XZ -LZ4 +SECCOMP +BLKID +ELFUTILS +KMOD -IDN)
[   37.497286] systemd[1]: Detected virtualization oracle.
[   37.552802] systemd[1]: Detected architecture x86-64.

Welcome to [1mUbuntu 16.04.2 LTS[0m!

[   37.612937] systemd[1]: Set hostname to <ubuntu>.
[   37.707145] systemd[1]: Initializing machine ID from random generator.
[   37.832836] systemd[1]: Installed transient /etc/machine-id file.
[   38.063370] systemd[1]: Listening on udev Kernel Socket.
[[0;32m  OK  [0m] Listening on udev Kernel Socket.
[   38.321003] systemd[1]: Set up automount Arbitrary Executable File Formats File System Automount Point.
[[0;32m  OK  [0m] Set up automount Arbitrary Executab...ats File System Automount Point.
[   38.688670] systemd[1]: Created slice System Slice.
[[0;32m  OK  [0m] Created slice System Slice.
[   38.759509] systemd[1]: Created slice system-serial\x2dgetty.slice.
[[0;32m  OK  [0m] Created slice system-serial\x2dgetty.slice.
[   39.034793] systemd[1]: Reached target Encrypted Volumes.
[[0;32m  OK  [0m] Reached target Encrypted Volumes.
[   39.336984] systemd[1]: Created slice User and Session Slice.
[[0;32m  OK  [0m] Created slice User and Session Slice.
[   39.572714] systemd[1]: Reached target Slices.
[[0;32m  OK  [0m] Reached target Slices.
[   39.716674] systemd[1]: Listening on Journal Socket.
[[0;32m  OK  [0m] Listening on Journal Socket.
[   39.816443] systemd[1]: Starting Create list of required static device nodes for the current kernel...
         Starting Create list of required st... nodes for the current kernel...
[   39.888625] systemd[1]: Starting Nameserver information manager...
         Starting Nameserver information manager...
[   40.124750] systemd[1]: Starting Remount Root and Kernel File Systems...
[   40.128942] EXT4-fs (sda1): re-mounted. Opts: (null)
         Starting Remount Root and Kernel File Systems...
[   40.465010] systemd[1]: Starting Load Kernel Modules...
[   40.612590] Loading iSCSI transport class v2.0-870.
         Startin[   40.752707] iscsi: registered transport (tcp)
g Load Kernel Mo[   40.851158] random: nonblocking pool is initialized
dules...
[   40.909473] systemd[1]: Listening on Device-mapper event daemon FIFOs.
[[0;32m  OK  [0m] Listening on[   40.961561] iscsi: registered transport (iser)
 Device-mapper event daemon FIFOs.
[   41.158492] systemd[1]: Mounting POSIX Message Queue File System...
         Mounting POSIX Message Queue File System...
[   41.322420] systemd[1]: Starting Set console keymap...
         Starting Set console keymap...
[   41.412513] systemd[1]: Reached target Swap.
[[0;32m  OK  [0m] Reached target Swap.
[   41.483148] systemd[1]: Listening on Journal Socket (/dev/log).
[[0;32m  OK  [0m] Listening on Journal Socket (/dev/log).
[   41.600594] systemd[1]: Listening on Syslog Socket.
[[0;32m  OK  [0m] Listening on Syslog Socket.
[   41.613324] systemd[1]: Listening on LVM2 metadata daemon socket.
[[0;32m  OK  [0m] Listening on LVM2 metadata daemon socket.
[   41.648374] systemd[1]: Starting Monitoring of LVM2 mirrors, snapshots etc. using dmeventd or progress polling...
         Starting Monitoring of LVM2 mirrors... dmeventd or progress polling...
[   41.749342] systemd[1]: Started Forward Password Requests to Wall Directory Watch.
[[0;32m  OK  [0m] Started Forward Password Requests to Wall Directory Watch.
[   41.900839] systemd[1]: Listening on /dev/initctl Compatibility Named Pipe.
[[0;32m  OK  [0m] Listening on /dev/initctl Compatibility Named Pipe.
[   42.072793] systemd[1]: Listening on udev Control Socket.
[[0;32m  OK  [0m] Listening on udev Control Socket.
[   42.232735] systemd[1]: Listening on Journal Audit Socket.
[[0;32m  OK  [0m] Listening on Journal Audit Socket.
[   42.408505] systemd[1]: Starting Journal Service...
         Starting Journal Service...
[   42.548681] systemd[1]: Listening on LVM2 poll daemon socket.
[[0;32m  OK  [0m] Listening on LVM2 poll daemon socket.
[   42.753014] systemd[1]: Mounting Huge Pages File System...
         Mounting Huge Pages File System...
[   42.932883] systemd[1]: Starting Uncomplicated firewall...
         Starting Uncomplicated firewall...
[   43.116655] systemd[1]: Reached target User and Group Name Lookups.
[[0;32m  OK  [0m] Reached target User and Group Name Lookups.
[   43.264578] systemd[1]: Mounting Debug File System...
         Mounting Debug File System...
[   43.353107] systemd[1]: Mounted POSIX Message Queue File System.
[[0;32m  OK  [0m] Mounted POSIX Message Queue File System.
[   43.532840] systemd[1]: Mounted Debug File System.
[[0;32m  OK  [0m] Mounted Debug File System.
[   43.697218] systemd[1]: Mounted Huge Pages File System.
[[0;32m  OK  [0m] Mounted Huge Pages File System.
[   43.873035] systemd[1]: Started Journal Service.
[[0;32m  OK  [0m] Started Journal Service.
[[0;32m  OK  [0m] Started Create list of required sta...ce nodes for the current kernel.
[[0;32m  OK  [0m] Started Remount Root and Kernel File Systems.
[[0;32m  OK  [0m] Started Load Kernel Modules.
[[0;32m  OK  [0m] Started Set console keymap.
[[0;32m  OK  [0m] Started Uncomplicated firewall.
[[0;32m  OK  [0m] Started Nameserver information manager.
[[0;32m  OK  [0m] Started LVM2 metadata daemon.
         Mounting FUSE Control File System...
         Starting Apply Kernel Variables...
         Starting Initial cloud-init job (pre-networking)...
         Starting Load/Save Random Seed...
         Starting udev Coldplug all Devices...
         Starting Create Static Device Nodes in /dev...
         Starting Flush Journal to Persistent Storage...
[[0;32m  OK  [0m] Mounted FUSE Control File System.
[[0;32m  OK  [0m] Started Apply Kernel Variables.
[[0;32m  OK  [0m] Started Monitoring of LVM2 mirrors,...ng dmeventd or progress polling.
[[0;32m  OK  [0m] Started Load/Save Random Seed.
[[0;32m  OK  [0m] Started Create Static Device Nodes in /dev.
[[0;32m  OK  [0m] Started udev Coldplug all Devices.
[[0;32m  OK  [0m] Started Flush Journal to Persistent Storage.
         Starting udev Kernel Device Manager...
[[0;32m  OK  [0m] Started udev Kernel Device Manager.
[[0;32m  OK  [0m] Reached target Local File Systems (Pre).
[[0;32m  OK  [0m] Reached target Local File Systems.
[   31.184866] cloud-init[482]: Cloud-init v. 0.7.9 running 'init-local' at Sat, 18 Mar 2017 21:47:53 +0000. Up 30.92 seconds.
         Starting Tell Plymouth To Write Out Runtime Data...
         Starting Set console font and keymap...
         Starting LSB: AppArmor initialization...
         Starting Create Volatile Files and Directories...
         Starting Commit a transient machine-id on disk...
[[0;32m  OK  [0m] Started Dispatch Password Requests to Console Directory Watch.
[[0;32m  OK  [0m] Started Tell Plymouth To Write Out Runtime Data.
[[0;32m  OK  [0m] Started Create Volatile Files and Directories.
[[0;32m  OK  [0m] Started Set console font and keymap.
[[0;32m  OK  [0m] Started Commit a transient machine-id on disk.
[[0;32m  OK  [0m] Started Initial cloud-init job (pre-networking).
[[0;32m  OK  [0m] Found device /dev/ttyS0.
[[0;32m  OK  [0m] Listening on Load/Save RF Kill Switch Status /dev/rfkill Watch.
[[0;32m  OK  [0m] Reached target Network (Pre).
[[0;32m  OK  [0m] Created slice system-getty.slice.
[[0;32m  OK  [0m] Reached target System Time Synchronized.
         Starting Update UTMP about System Boot/Shutdown...
[[0;32m  OK  [0m] Started Update UTMP about System Boot/Shutdown.
[[0;32m  OK  [0m] Started LSB: AppArmor initialization.
[[0;32m  OK  [0m] Started ifup for enp0s3.
         Starting Raise network interfaces...
[[0;32m  OK  [0m] Started Raise network interfaces.
[[0;32m  OK  [0m] Reached target Network.
         Starting Initial cloud-init job (metadata service crawler)...
[   35.237825] cloud-init[1066]: Cloud-init v. 0.7.9 running 'init' at Sat, 18 Mar 2017 21:47:57 +0000. Up 34.63 seconds.
[   35.344582] cloud-init[1066]: ci-info: +++++++++++++++++++++++++++++++++++++Net device info++++++++++++++++++++++++++++++++++++++
[   35.344996] [cloud-init[0;32m  OK  [0m[1066]: ] ci-info: +--------+------+----------------------------+---------------+-------+-------------------+Started Initial cloud-init job (metadata service crawler).

[   35.345106] cloud-init[1066]: ci-info: | Device |  Up  |          Address           |      Mask     | Scope |     Hw-Address    |
[   35.564714] cloud-init[1066]: ci-info: +--------+------+----------------------------+---------------+-------+-------------------+
[   35.565221] cloud-init[1066]: ci-info: | enp0s3 | True |         10.0.2.15          | 255.255.255.0 |   .   | 02:5e:4b:b2:97:11 |
[[0;32m  OK  [0m] Reached target Cloud-config availability.
[[   35.565434] cloud-init[1066]: ci-info: | enp0s3 | True | fe80::5e:4bff:feb2:9711/64 |       .       |  link | 02:5e:4b:b2:97:11 |
[   35.817224] cloud-init[1066]: ci-info: |   lo   | True |         127.0.0.1          |   255.0.0.0   |   .   |         .         |
[0;32m  OK  [0m] Reached target Network is Online.
[   35.817323] cloud-init[1066]: ci-info: |   lo   | True |          ::1/128           |       .       |  host |         .         |
[   36.080858] cloud-init[1066]: ci-info: +--------+------+----------------------------+---------------+-------+-------------------+
[   36.081210] cloud-init[1066]: ci-info: +++++++++++++++++++++++++++Route IPv4 info++++++++++++++++++++++++++++
         Starting iSCSI initiator daemon (iscsid)...
[   36.081415] cloud-init[1066]: ci-info: +-------+-------------+----------+---------------+-----------+-------+
[[0;32m  OK  [0m] Reached target System Initialization.
         [   36.229281] Starting Socket activation for snappy daemon.cloud-init
[1066]: ci-info: | Route | Destination | Gateway  |    Genmask    | Interface | Flags |
[   36.411170] cloud-init[1066]: ci-info: +-------+-------------+----------+---------------+-----------+-------+
[   36.411498] cloud-init[1066]: ci-info: |   0   |   0.0.0.0   | 10.0.2.2 |    0.0.0.0    |   enp0s3  |   UG  |
[[0;32m  OK  [0m] Listening on D-Bus System Message Bus Socket.
[   36.411721] cloud-init[1066]: ci-info: |   1   |   10.0.2.0  | 0.0.0.0  | 255.255.255.0 |   enp0s3  |   U   |
[   36.580673] cloud-init[1066]: ci-info: +-------+-------------+----------+---------------+-----------+-------+
[[0;32m  OK  [0m] Listening on UUID daemon activation socket.
[   36.580965] cloud-init[1066]: Generating public/private rsa key pair.
[   36.732665] cloud-init[1066]: Your identification has been saved in /etc/ssh/ssh_host_rsa_key.
[[0;32m  OK  [0m] Listening on ACPID Listen Socket.
[   36.732784] cloud-init[1066]: Your public key has been saved in /etc/ssh/ssh_host_rsa_key.pub.
[   36.836700] cloud-init[1066]: The key fingerprint is:
[[0;32m  OK  [0m] Started Daily Cleanup of Temporary Directories.
[[   36.836810] cloud-init[1066]: SHA256:l5FfRiC5o7/HEcVwz30RXQNm12OQCL241gDk+YlOAHk root@ubuntu-xenial
[   36.968624] cloud-init[1066]: The key's randomart image is:
[0;32m  OK  [0m] Started Timer to automatically refresh installed snaps.
[   36.968697] cloud-init[1066]: +---[RSA 2048]----+
[   37.124410] cloud-init[1066]: |   .. .. .+.+O*=*|
[[0;32m  OK  [0m] Started ACPI Events Check.
[   37.124732] cloud-init[1066]: |   ..E... .=o++=*|
[   37.188372] cloud-init[1066]: |    .. o. +...+ *|
[   37.188670] cloud-init[1066]: |      . oo+=.o  .|
         Starting LXD - unix socket.
[   37.188844] cloud-init[1066]: |       oS+*...   |
[   37.256913] cloud-init[1066]: |      o .+ ..    |
[[0;32m  OK  [0m] Started Trigger resolvconf update for networkd DNS.
[[   37.257158] cloud-init[1066]: |       ... . .   |
[   37.323280] cloud-init[1066]: |          . o    |
[0;32m  OK  [0m] Reached target Paths.
[[   37.323338] cloud-init[1066]: |          .o     |
[   37.412750] cloud-init[1066]: +----[SHA256]-----+
[0;32m  OK  [0m] Started Daily apt activities.
[[   37.412819] cloud-init[1066]: Generating public/private dsa key pair.
[   37.436057] cloud-init[1066]: Your identification has been saved in /etc/ssh/ssh_host_dsa_key.
[   37.436101] cloud-init[1066]: Your public key has been saved in /etc/ssh/ssh_host_dsa_key.pub.
[   37.436216] cloud-init[1066]: The key fingerprint is:
[   37.436331] cloud-init[1066]: SHA256:c+nauTEB8zcsn8yoDY0HioTpz+n1zR+viw504bxcOGc root@ubuntu-xenial
[   37.436450] cloud-init[1066]: The key's randomart image is:
[   37.436567] cloud-init[1066]: +---[DSA 1024]----+
[   37.436691] cloud-init[1066]: |                 |
[   37.436804] cloud-init[0;32m  OK  [0m] Reached target Timers.
[1066]: |                 |
[   37.724430] cloud-init[1066]: |        o .      |
[   37.724741] cloud-init[1066]: |   o     * =     |
[[0;32m  OK  [0m] Listening on Socket activation for snappy daemon.
[[   37.724859] cloud-init[1066]: |  o .   S % E    |
[   37.828769] cloud-init[1066]: | . . . o X # o   |
[0;32m  OK  [0m] Listening on LXD - unix socket.
[   37.828860] cloud-init[1066]: |  . . o + X *    |
[   37.880596] cloud-init[1066]: |   o o . @ = o   |
[[0;32m  OK  [0m] Started iSCSI initiator daemon (iscsid).
[   37.880766] cloud-init[1066]: |   .=   +.Xo+o.  |
[   37.996352] cloud-init[1066]: +----[SHA256]-----+
[   37.996597] cloud-init[1066]: Generating public/private ecdsa key pair.
         Starting Login to default iSCSI targets...
[   37.996706] cloud-init[1066]: Your identification has been saved in /etc/ssh/ssh_host_ecdsa_key.
[[0;32m  OK  [0m] Reached target Sockets.
[   38.088893] cloud-init[1066]: Your public key has been saved in /etc/ssh/ssh_host_ecdsa_key.pub.
[   38.168695] cloud-init[1066]: The key fingerprint is:
[[0;32m  OK  [0m] Reached target Basic System.
[   38.168819] cloud-init[1066]: SHA256:WW+1QUOwsQs3xgB3odGXwDagAsngsCttZblf5lJ2Vo8 root@ubuntu-xenial
[   38.328457] cloud-init         [1066]: Starting Login Service...The key's randomart image is:

[   38.368542] cloud-init[1066]: +---[ECDSA 256]---+
[   38.368807] cloud-init[1066]: |. .o..  ..=+*=+. |
         Starting System Logging Service...
[   38.368994] cloud-init[1066]: | +  oo   o *==o. |
[[   38.460377] cloud-init[1066]: |. . + . . +.Ooo  |
[   38.460842] cloud-init[1066]: | o o . . o * * o |
[0;32m  OK  [0m] Started Deferred execution scheduler.
[   38.461009] cloud-init[1066]: |o o .   S o E o  |
[   38.521687] cloud-init[1066]: |..   . * o .     |
[   38.552711] cloud-init[1066]: |      o .        |
[   38.553152] cloud-init[1066]: |       .         |
         Starting Apply the settings specified in cloud-config...
[   38.553328] cloud-init[1066]: |                 |
[   38.744362] cloud-init[1066]: +----[SHA256]-----+
[   38.744733] cloud-init[1066]: Generating public/private ed25519 key pair.
[   38.744799] cloud-init[1066]: Your identification has been saved in /etc/ssh/ssh_host_ed25519_key.
[   38.744859] cloud-init[1066]: Your public key has been saved in /etc/ssh/ssh_host_ed25519_key.pub.
[   38.744915] cloud-init[1066]: The key fingerprint is:
[   38.744969] cloud-init[1066]: SHA256:Sjy+vg2/SCvB878AvvKsaH6DYJyFxADaDrjyc6MWpY0 root@ubuntu-xenial
[   38.745021] cloud-init[1066]: The key's randomart image is:
[   38.745065] cloud-init[1066]: +--[ED25519 256]--+
[   38.745114] cloud-init[1066]: |*                |
[   38.745167] cloud-init[1066]: |o+               |
[   38.745227] cloud-init[1066]: |= o              |
[   38.745278] cloud-init[1066]: | = ...           |
[   38.745332] cloud-init[1066]: |+ +*. + S        |
[   38.745388] cloud-init[1066]: |o=E.=+ o         |
[   38.745439] cloud-init[1066]: |o +.++*          |
[   38.745485] cloud-init[1066]: | +oB.+.O         |
[   38.745804] cloud-init[1066]: |+o++=o*o*o       |
[   38.745844] cloud-init[1066]: +----[SHA256]-----+
[[0;32m  OK  [0m] Started ACPI event daemon.
[   38.871850] cloud-init[1172]: Generating locales (this might take a while)...
         Starting LSB: Record successful boot for GRUB...
         Starting Accounts Service...
         Starting LXD - container startup/shutdown...
         Starting LSB: MD monitoring daemon...
         Starting Pollinate to seed the pseudo random number generator...
[[0;32m  OK  [0m] Started Regular background program processing daemon.
[   39.678178] cloud-init[1172]:   en_US.UTF-8... done
[   39.714127] cloud-init[1172]: Generation complete.
[[0;32m  OK  [0m] Started Snappy daemon.
         Starting Auto import assertions from block devices...
[[0;32m  OK  [0m] Started D-Bus System Message Bus.
         Starting /etc/rc.local Compatibility...
[[0;32m  OK  [0m] Started FUSE filesystem for LXC.
[[0;32m  OK  [0m] Started System Logging Service.
[[0;32m  OK  [0m] Started LXD - container startup/shutdown.
[[0;32m  OK  [0m] Started Auto import assertions from block devices.
[[0;32m  OK  [0m] Started /etc/rc.local Compatibility.
[[0;32m  OK  [0m] Started Login to default iSCSI targets.
[[0;32m  OK  [0m] Started LSB: Record successful boot for GRUB.
[[0;32m  OK  [0m] Started LSB: MD monitoring daemon.
[[0;32m  OK  [0m] Started Login Service.
         Starting Authenticate and Authorize Users to Run Privileged Tasks...
[[0;32m  OK  [0m] Stopped OpenBSD Secure Shell server.
         Starting OpenBSD Secure Shell server...
[[0;32m  OK  [0m] Reached target Remote File Systems (Pre).
[[0;32m  OK  [0m] Reached target Remote File Systems.
         Starting Permit User Sessions...
         Starting LSB: VirtualBox Linux Additions...
         Starting LSB: automatic crash report generation...
         Starting LSB: Set the CPU Frequency Scaling governor to "ondemand"...
         Starting LSB: daemon to balance interrupts for SMP systems...
[[0;32m  OK  [0m] Started OpenBSD Secure Shell server.
[[0;32m  OK  [0m] Started Pollinate to seed the pseudo random number generator.
[[0;32m  OK  [0m] Started Permit User Sessions.
[[0;32m  OK  [0m] Started Authenticate and Authorize Users to Run Privileged Tasks.
[[0;32m  OK  [0m] Started Accounts Service.
[   40.985657] cloud-init[1172]: Cloud-init v. 0.7.9 running 'modules:config' at Sat, 18 Mar 2017 21:48:01 +0000. Up 38.79 seconds.
[[0;32m  OK  [0m] Started Apply the settings specified in cloud-config.
[[0;32m  OK  [0m] Started LSB: Set the CPU Frequency Scaling governor to "ondemand".
[[0;32m  OK  [0m] Started LSB: VirtualBox Linux Additions.
[[0;32m  OK  [0m] Started LSB: automatic crash report generation.
[[0;32m  OK  [0m] Started LSB: daemon to balance interrupts for SMP systems.
[[0;32m  OK  [0m] Created slice User Slice of ubuntu.
[[0;32m  OK  [0m] Started Session 1 of user ubuntu.
         Starting User Manager for UID 1000...
         Starting Terminate Plymouth Boot Screen...
         Starting Hold until boot process finishes up...
[[0;32m  OK  [0m] Started User Manager for UID 1000.
[[0;32m  OK  [0m] Started Terminate Plymouth Boot Screen.
[[0;32m  OK  [0m] Started Hold until boot process finishes up.
         Starting Set console scheme...
[[0;32m  OK  [0m] Started Getty on tty1.
[[0;32m  OK  [0m] Started Serial Getty on ttyS0.
[[0;32m  OK  [0m] Reached target Login Prompts.
[[0;32m  OK  [0m] Reached target Multi-User System.
         Starting Execute cloud user/final scripts...
[[0;32m  OK  [0m] Reached target Graphical Interface.
         Starting Update UTMP about System Runlevel Changes...
[[0;32m  OK  [0m] Started Set console scheme.
[[0;32m  OK  [0m] Started Update UTMP about System Runlevel Changes.
ci-info: no authorized ssh keys fingerprints found for user ubuntu.
<14>Mar 18 21:48:04 ec2: 
<14>Mar 18 21:48:04 ec2: #############################################################
<14>Mar 18 21:48:04 ec2: -----BEGIN SSH HOST KEY FINGERPRINTS-----
<14>Mar 18 21:48:04 ec2: 1024 SHA256:c+nauTEB8zcsn8yoDY0HioTpz+n1zR+viw504bxcOGc root@ubuntu-xenial (DSA)
<14>Mar 18 21:48:04 ec2: 256 SHA256:WW+1QUOwsQs3xgB3odGXwDagAsngsCttZblf5lJ2Vo8 root@ubuntu-xenial (ECDSA)
<14>Mar 18 21:48:04 ec2: 256 SHA256:Sjy+vg2/SCvB878AvvKsaH6DYJyFxADaDrjyc6MWpY0 root@ubuntu-xenial (ED25519)
<14>Mar 18 21:48:04 ec2: 2048 SHA256:l5FfRiC5o7/HEcVwz30RXQNm12OQCL241gDk+YlOAHk root@ubuntu-xenial (RSA)
<14>Mar 18 21:48:04 ec2: -----END SSH HOST KEY FINGERPRINTS-----
<14>Mar 18 21:48:04 ec2: #############################################################
-----BEGIN SSH HOST KEY KEYS-----
ecdsa-sha2-nistp256 AAAAE2VjZHNhLXNoYTItbmlzdHAyNTYAAAAIbmlzdHAyNTYAAABBBMK+lLBQfBb/WZF/cUGTmMxw1d/Q9uOso7DbHLXyXwaCfCFJvLFNsRp80gX52KWrR3tIvi7yo+fhn3X+vcUyQ1g= root@ubuntu-xenial
ssh-ed25519 AAAAC3NzaC1lZDI1NTE5AAAAILD2ZIjgxuZ9amtlhOJtY+TO7DHAZSxPdMxTeq0hRexr root@ubuntu-xenial
ssh-rsa AAAAB3NzaC1yc2EAAAADAQABAAABAQCmc9ftZcDDAvxR+QJiNoutMd7PiKYCUc6S90TJZpUA9npQKeRLtJmYoBPOOqaW+MJ0i3DgF93axMMjpru7/p8RFFmpnJ/VwL8nvuXjtoWDAGNZ6ZH0e+amt4CK7BFmjtqBv3wnzgTQxaKp9lIT1k1DS236clazUKW9AITiUCDnCTwO3A9Hpg85b1K6TBnM9xt9NUmCPOz+RtkTeJq8Uy4qB2B9Rf97vbkVR/b1j2VRsHUOM2hkJUoG6OH37OpCQrX2CwjnmbSvVUsGFL7hRXjfqxixcMh25S3HMBKAcoexM5AApt1R/CEUXyXOuw/75+zcPH6VTjCTJ5P8GMX1FDnH root@ubuntu-xenial
-----END SSH HOST KEY KEYS-----
[   43.233132] cloud-init[1429]: Cloud-init v. 0.7.9 running 'modules:final' at Sat, 18 Mar 2017 21:48:04 +0000. Up 42.18 seconds.
[   43.260429] cloud-init[1429]: ci-info: no authorized ssh keys fingerprints found for user ubuntu.
[   43.296404] cloud-init[1429]: Cloud-init v. 0.7.9 finished at Sat, 18 Mar 2017 21:48:05 +0000. Datasource DataSourceNoCloud [seed=/dev/sdb][dsmode=net].  Up 43.22 seconds
[[0;32m  OK  [0m] Started Execute cloud user/final scripts.
[[0;32m  OK  [0m] Started Session 2 of user ubuntu.
[[0;32m  OK  [0m] Reached target Cloud-init target.

Ubuntu 16.04.2 LTS ubuntu-xenial ttyS0

ubuntu-xenial login: 